SF:lib\src\form\dataform_field.dart
DA:58,3
DA:68,2
DA:70,2
DA:71,2
DA:72,2
DA:73,2
DA:74,2
DA:75,2
DA:76,6
DA:77,2
DA:80,2
DA:81,2
LF:12
LH:12
end_of_record
SF:lib\src\form\dataform_widget.dart
DA:29,5
DA:36,5
DA:37,5
DA:48,5
DA:50,5
DA:51,20
DA:63,5
DA:64,20
DA:65,15
DA:66,15
DA:67,5
DA:108,5
DA:113,2
DA:114,3
DA:116,3
DA:117,9
DA:118,9
DA:119,3
DA:121,9
DA:122,6
DA:130,5
DA:131,5
DA:132,5
DA:137,5
DA:138,5
DA:139,5
DA:142,5
DA:144,5
DA:145,5
DA:146,5
DA:148,5
DA:149,5
DA:150,15
DA:159,5
DA:166,5
DA:167,5
DA:170,5
DA:171,5
DA:172,5
LF:39
LH:39
end_of_record
SF:lib\src\widgets\dataform_checkbox.dart
DA:66,2
DA:85,1
DA:86,1
DA:92,1
DA:94,3
DA:95,1
DA:98,1
DA:99,2
DA:100,2
DA:101,3
DA:104,2
DA:105,2
DA:108,2
DA:109,4
DA:113,1
DA:114,1
DA:115,1
DA:116,1
DA:117,1
DA:118,2
DA:122,2
DA:123,1
DA:124,2
DA:125,1
DA:126,1
DA:128,1
DA:130,4
DA:132,1
DA:137,1
DA:139,1
DA:140,2
DA:141,2
DA:142,2
DA:144,1
DA:145,1
DA:146,1
DA:147,1
DA:148,2
DA:151,2
DA:152,1
DA:153,1
DA:154,4
DA:155,1
DA:158,1
DA:159,1
DA:163,1
DA:164,1
DA:165,2
DA:167,2
DA:169,3
DA:171,1
DA:172,2
DA:173,2
DA:179,4
DA:181,1
LF:55
LH:55
end_of_record
SF:lib\src\widgets\dataform_text_field.dart
DA:44,3
DA:577,2
DA:579,2
DA:580,2
DA:581,2
DA:582,2
DA:583,2
DA:584,4
DA:585,2
DA:587,4
DA:589,2
DA:590,2
DA:591,2
DA:592,2
DA:593,2
DA:594,2
DA:595,2
DA:596,2
DA:597,2
DA:598,2
DA:599,2
DA:600,2
DA:601,2
DA:602,2
DA:603,2
DA:604,2
DA:605,2
DA:606,2
DA:607,2
DA:608,2
DA:609,2
DA:610,2
DA:611,2
DA:612,2
DA:613,2
DA:614,2
DA:615,2
DA:616,2
DA:617,2
DA:618,2
DA:619,2
DA:620,2
DA:621,2
DA:622,2
DA:623,2
DA:624,2
DA:625,2
DA:626,2
DA:627,2
DA:628,2
DA:629,2
DA:630,2
DA:631,2
DA:632,2
DA:633,2
DA:634,2
DA:635,2
DA:636,2
DA:637,2
DA:638,2
DA:639,2
DA:640,2
DA:641,2
DA:642,2
DA:643,2
DA:644,2
DA:645,2
DA:646,2
DA:647,2
DA:648,2
DA:649,2
DA:650,2
DA:651,2
LF:73
LH:73
end_of_record
SF:lib\src\widgets\dataform_switch.dart
DA:75,2
DA:97,1
DA:98,1
DA:104,1
DA:106,3
DA:107,1
DA:110,1
DA:111,5
DA:112,2
DA:113,3
DA:116,2
DA:117,2
DA:120,2
DA:121,4
DA:125,1
DA:126,1
DA:127,1
DA:128,1
DA:129,1
DA:130,2
DA:134,2
DA:137,1
DA:139,1
DA:140,1
DA:141,3
DA:142,3
DA:143,3
DA:144,2
DA:145,1
DA:152,1
DA:154,1
DA:155,2
DA:156,2
DA:157,2
DA:159,1
DA:160,1
DA:161,1
DA:162,1
DA:163,2
DA:166,2
DA:167,1
DA:168,1
DA:169,4
DA:170,1
DA:173,1
DA:174,1
DA:178,1
DA:179,1
DA:180,2
DA:182,2
DA:184,3
DA:186,1
DA:187,2
DA:188,2
DA:194,4
DA:196,1
LF:56
LH:56
end_of_record
