SF:lib\src\form\dataform_widget.dart
DA:29,3
DA:36,3
DA:37,3
DA:48,3
DA:50,3
DA:51,12
DA:63,3
DA:64,12
DA:65,9
DA:66,9
DA:67,3
DA:108,3
DA:113,0
DA:114,1
DA:116,1
DA:117,3
DA:118,3
DA:119,0
DA:121,3
DA:122,2
DA:130,3
DA:131,3
DA:132,3
DA:137,3
DA:138,3
DA:139,3
DA:142,3
DA:144,3
DA:145,3
DA:146,3
DA:148,3
DA:149,3
DA:150,9
DA:159,3
DA:166,3
DA:167,3
DA:170,3
DA:171,3
DA:172,3
DA:176,0
LF:40
LH:37
end_of_record
SF:lib\src\widgets\dataform_checkbox.dart
DA:66,2
DA:85,1
DA:86,1
DA:92,1
DA:94,3
DA:95,1
DA:98,1
DA:99,2
DA:100,2
DA:101,3
DA:104,2
DA:105,2
DA:108,2
DA:109,4
DA:113,1
DA:114,1
DA:115,1
DA:116,1
DA:117,1
DA:118,2
DA:122,2
DA:123,1
DA:124,2
DA:125,1
DA:126,1
DA:128,1
DA:130,4
DA:132,1
DA:137,1
DA:139,1
DA:140,2
DA:141,2
DA:142,2
DA:144,1
DA:145,1
DA:146,1
DA:147,1
DA:148,2
DA:151,2
DA:152,1
DA:153,1
DA:154,4
DA:155,1
DA:158,1
DA:159,1
DA:163,1
DA:164,1
DA:165,2
DA:167,2
DA:169,3
DA:171,1
DA:172,2
DA:173,2
DA:179,4
DA:181,1
LF:55
LH:55
end_of_record
SF:lib\src\widgets\dataform_switch.dart
DA:75,2
DA:97,1
DA:98,1
DA:104,1
DA:106,3
DA:107,1
DA:110,1
DA:111,5
DA:112,2
DA:113,3
DA:116,2
DA:117,2
DA:120,2
DA:121,4
DA:125,1
DA:126,1
DA:127,1
DA:128,1
DA:129,1
DA:130,2
DA:134,2
DA:137,1
DA:139,1
DA:140,1
DA:141,3
DA:142,3
DA:143,3
DA:144,2
DA:145,1
DA:152,1
DA:154,1
DA:155,2
DA:156,2
DA:157,2
DA:159,1
DA:160,1
DA:161,1
DA:162,1
DA:163,2
DA:166,2
DA:167,1
DA:168,1
DA:169,4
DA:170,1
DA:173,1
DA:174,1
DA:178,1
DA:179,1
DA:180,2
DA:182,2
DA:184,3
DA:186,1
DA:187,2
DA:188,2
DA:194,4
DA:196,1
LF:56
LH:56
end_of_record
SF:lib\src\widgets\dataform_text_field.dart
DA:44,2
DA:577,1
DA:579,1
DA:580,1
DA:581,1
DA:582,1
DA:583,1
DA:584,2
DA:585,1
DA:587,2
DA:589,1
DA:590,1
DA:591,1
DA:592,1
DA:593,1
DA:594,1
DA:595,1
DA:596,1
DA:597,1
DA:598,1
DA:599,1
DA:600,1
DA:601,1
DA:602,1
DA:603,1
DA:604,1
DA:605,1
DA:606,1
DA:607,1
DA:608,1
DA:609,1
DA:610,1
DA:611,1
DA:612,1
DA:613,1
DA:614,1
DA:615,1
DA:616,1
DA:617,1
DA:618,1
DA:619,1
DA:620,1
DA:621,1
DA:622,1
DA:623,1
DA:624,1
DA:625,1
DA:626,1
DA:627,1
DA:628,1
DA:629,1
DA:630,1
DA:631,1
DA:632,1
DA:633,1
DA:634,1
DA:635,1
DA:636,1
DA:637,1
DA:638,1
DA:639,1
DA:640,1
DA:641,1
DA:642,1
DA:643,1
DA:644,1
DA:645,1
DA:646,1
DA:647,1
DA:648,1
DA:649,1
DA:650,1
DA:651,1
LF:73
LH:73
end_of_record
